# JRE version: OpenJDK Runtime Environment Corretto-11.0.12.7.1 (11.0.12+7) (build 11.0.12+7-LTS)
# Java VM: OpenJDK 64-Bit Server VM Corretto-11.0.12.7.1 (11.0.12+7-LTS, mixed mode, tiered, compressed oops, g1 gc, windows-amd64)
Heap:
 garbage-first heap   total 260096K, used 11340K [0x0000000703400000, 0x0000000800000000)
  region size 1024K, 8 young (8192K), 3 survivors (3072K)
 Metaspace       used 21350K, capacity 22160K, committed 22448K, reserved 1069056K
  class space    used 2472K, capacity 2788K, committed 2816K, reserved 1048576K
GC Heap History (6 events):
Event: 0.669 GC heap before
{Heap before GC invocations=0 (full 0):
 garbage-first heap   total 260096K, used 24576K [0x0000000703400000, 0x0000000800000000)
  region size 1024K, 24 young (24576K), 0 survivors (0K)
 Metaspace       used 13368K, capacity 13831K, committed 13952K, reserved 1060864K
  class space    used 1399K, capacity 1554K, committed 1664K, reserved 1048576K
}
Event: 0.674 GC heap after
{Heap after GC invocations=1 (full 0):
 garbage-first heap   total 260096K, used 5340K [0x0000000703400000, 0x0000000800000000)
  region size 1024K, 3 young (3072K), 3 survivors (3072K)
 Metaspace       used 13368K, capacity 13831K, committed 13952K, reserved 1060864K
  class space    used 1399K, capacity 1554K, committed 1664K, reserved 1048576K
}
Event: 1.164 GC heap before
{Heap before GC invocations=1 (full 0):
 garbage-first heap   total 260096K, used 27868K [0x0000000703400000, 0x0000000800000000)
  region size 1024K, 25 young (25600K), 3 survivors (3072K)
 Metaspace       used 18658K, capacity 19326K, committed 19584K, reserved 1067008K
  class space    used 2070K, capacity 2331K, committed 2432K, reserved 1048576K
}
Event: 1.167 GC heap after
{Heap after GC invocations=2 (full 0):
 garbage-first heap   total 260096K, used 6668K [0x0000000703400000, 0x0000000800000000)
  region size 1024K, 2 young (2048K), 2 survivors (2048K)
 Metaspace       used 18658K, capacity 19326K, committed 19584K, reserved 1067008K
  class space    used 2070K, capacity 2331K, committed 2432K, reserved 1048576K
}
Event: 1.328 GC heap before
{Heap before GC invocations=2 (full 0):
 garbage-first heap   total 260096K, used 14860K [0x0000000703400000, 0x0000000800000000)
  region size 1024K, 11 young (11264K), 2 survivors (2048K)
 Metaspace       used 20416K, capacity 21130K, committed 21296K, reserved 1069056K
  class space    used 2325K, capacity 2593K, committed 2688K, reserved 1048576K
}
Event: 1.331 GC heap after
{Heap after GC invocations=3 (full 0):
 garbage-first heap   total 260096K, used 7244K [0x0000000703400000, 0x0000000800000000)
  region size 1024K, 3 young (3072K), 3 survivors (3072K)
 Metaspace       used 20416K, capacity 21130K, committed 21296K, reserved 1069056K
  class space    used 2325K, capacity 2593K, committed 2688K, reserved 1048576K
}

