# JRE version: OpenJDK Runtime Environment Corretto-11.0.12.7.1 (11.0.12+7) (build 11.0.12+7-LTS)
# Java VM: OpenJDK 64-Bit Server VM Corretto-11.0.12.7.1 (11.0.12+7-LTS, mixed mode, tiered, compressed oops, g1 gc, windows-amd64)
Heap:
 garbage-first heap   total 260096K, used 15314K [0x0000000703400000, 0x0000000800000000)
  region size 1024K, 12 young (12288K), 4 survivors (4096K)
 Metaspace       used 27789K, capacity 28681K, committed 28800K, reserved 1075200K
  class space    used 3506K, capacity 3849K, committed 3968K, reserved 1048576K
GC Heap History (6 events):
Event: 0.666 GC heap before
{Heap before GC invocations=0 (full 0):
 garbage-first heap   total 260096K, used 23552K [0x0000000703400000, 0x0000000800000000)
  region size 1024K, 24 young (24576K), 0 survivors (0K)
 Metaspace       used 13260K, capacity 13697K, committed 13952K, reserved 1060864K
  class space    used 1382K, capacity 1551K, committed 1664K, reserved 1048576K
}
Event: 0.671 GC heap after
{Heap after GC invocations=1 (full 0):
 garbage-first heap   total 260096K, used 4989K [0x0000000703400000, 0x0000000800000000)
  region size 1024K, 3 young (3072K), 3 survivors (3072K)
 Metaspace       used 13260K, capacity 13697K, committed 13952K, reserved 1060864K
  class space    used 1382K, capacity 1551K, committed 1664K, reserved 1048576K
}
Event: 1.259 GC heap before
{Heap before GC invocations=1 (full 0):
 garbage-first heap   total 260096K, used 34685K [0x0000000703400000, 0x0000000800000000)
  region size 1024K, 33 young (33792K), 3 survivors (3072K)
 Metaspace       used 20269K, capacity 21028K, committed 21248K, reserved 1069056K
  class space    used 2304K, capacity 2558K, committed 2560K, reserved 1048576K
}
Event: 1.265 GC heap after
{Heap after GC invocations=2 (full 0):
 garbage-first heap   total 260096K, used 7373K [0x0000000703400000, 0x0000000800000000)
  region size 1024K, 6 young (6144K), 6 survivors (6144K)
 Metaspace       used 20269K, capacity 21028K, committed 21248K, reserved 1069056K
  class space    used 2304K, capacity 2558K, committed 2560K, reserved 1048576K
}
Event: 1.774 GC heap before
{Heap before GC invocations=3 (full 0):
 garbage-first heap   total 260096K, used 43213K [0x0000000703400000, 0x0000000800000000)
  region size 1024K, 41 young (41984K), 6 survivors (6144K)
 Metaspace       used 26711K, capacity 27549K, committed 27776K, reserved 1073152K
  class space    used 3313K, capacity 3621K, committed 3712K, reserved 1048576K
}
Event: 1.779 GC heap after
{Heap after GC invocations=4 (full 0):
 garbage-first heap   total 260096K, used 8146K [0x0000000703400000, 0x0000000800000000)
  region size 1024K, 4 young (4096K), 4 survivors (4096K)
 Metaspace       used 26711K, capacity 27549K, committed 27776K, reserved 1073152K
  class space    used 3313K, capacity 3621K, committed 3712K, reserved 1048576K
}

